<?xml version="1.0" encoding="UTF-8"?>
<testng-results ignored="0" total="3" passed="3" failed="0" skipped="0">
  <reporter-output>
  </reporter-output>
  <suite started-at="2023-07-18T14:40:12 IST" name="Suite" finished-at="2023-07-18T14:40:31 IST" duration-ms="18392">
    <groups>
    </groups>
    <test started-at="2023-07-18T14:40:12 IST" name="Test" finished-at="2023-07-18T14:40:31 IST" duration-ms="18392">
      <class name="TestNGProject.Flipkart">
        <test-method signature="gitHubLaunch()[pri:0, instance:TestNGProject.Flipkart@6221a451]" started-at="2023-07-18T14:40:16 IST" name="gitHubLaunch" finished-at="2023-07-18T14:40:24 IST" duration-ms="7248" status="PASS">
          <reporter-output>
          </reporter-output>
        </test-method> <!-- gitHubLaunch -->
        <test-method signature="googleLaunch()[pri:0, instance:TestNGProject.Flipkart@6221a451]" started-at="2023-07-18T14:40:24 IST" name="googleLaunch" finished-at="2023-07-18T14:40:31 IST" duration-ms="7028" status="PASS">
          <reporter-output>
          </reporter-output>
        </test-method> <!-- googleLaunch -->
      </class> <!-- TestNGProject.Flipkart -->
      <class name="TestNGProject.modules">
        <test-method signature="facebookLaunch()[pri:0, instance:TestNGProject.modules@73e9cf30]" started-at="2023-07-18T14:40:12 IST" name="facebookLaunch" finished-at="2023-07-18T14:40:16 IST" duration-ms="4057" status="PASS">
          <reporter-output>
          </reporter-output>
        </test-method> <!-- facebookLaunch -->
      </class> <!-- TestNGProject.modules -->
    </test> <!-- Test -->
  </suite> <!-- Suite -->
</testng-results>
