<?xml version="1.0" encoding="UTF-8"?>
<testng-results ignored="0" total="2" passed="2" failed="0" skipped="0">
  <reporter-output>
    <line>
      <![CDATA[demo class]]>
    </line>
    <line>
      <![CDATA[hello]]>
    </line>
    <line>
      <![CDATA[remo]]>
    </line>
  </reporter-output>
  <suite started-at="2023-07-15T15:41:54 IST" name="Suite" finished-at="2023-07-15T15:41:55 IST" duration-ms="71">
    <groups>
    </groups>
    <test started-at="2023-07-15T15:41:54 IST" name="Test" finished-at="2023-07-15T15:41:55 IST" duration-ms="71">
      <class name="testNGPackage.Demo">
        <test-method signature="f()[pri:0, instance:testNGPackage.Demo@52b1beb6]" started-at="2023-07-15T15:41:55 IST" name="f" finished-at="2023-07-15T15:41:55 IST" duration-ms="9" status="PASS">
          <reporter-output>
            <line>
              <![CDATA[demo class]]>
            </line>
            <line>
              <![CDATA[hello]]>
            </line>
          </reporter-output>
        </test-method> <!-- f -->
      </class> <!-- testNGPackage.Demo -->
      <class name="testNGPackage.Remo">
        <test-method signature="g()[pri:0, instance:testNGPackage.Remo@4d5650ae]" started-at="2023-07-15T15:41:55 IST" name="g" finished-at="2023-07-15T15:41:55 IST" duration-ms="1" status="PASS">
          <reporter-output>
            <line>
              <![CDATA[remo]]>
            </line>
          </reporter-output>
        </test-method> <!-- g -->
      </class> <!-- testNGPackage.Remo -->
    </test> <!-- Test -->
  </suite> <!-- Suite -->
</testng-results>
