<?xml version="1.0" encoding="UTF-8"?>
<!-- Generated by org.testng.reporters.JUnitXMLReporter -->
<testsuite ignored="0" hostname="MSIGF75" failures="0" tests="3" name="Test" time="18.392" errors="0" timestamp="2023-07-18T14:40:31 IST">
  <testcase classname="TestNGProject.modules" name="facebookLaunch" time="4.057"/>
  <testcase classname="TestNGProject.Flipkart" name="gitHubLaunch" time="7.248"/>
  <testcase classname="TestNGProject.Flipkart" name="googleLaunch" time="7.028"/>
</testsuite> <!-- Test -->
