<?xml version="1.0" encoding="UTF-8"?>
<!-- Generated by org.testng.reporters.JUnitXMLReporter -->
<testsuite ignored="3" hostname="MSIGF75" failures="0" tests="0" time="0.014" errors="0" timestamp="2023-07-16T19:34:57 IST">
  <testcase classname="TestNGProject.modules" name="facebookLaunch" time="0.0">
    <ignored/>
  </testcase> <!-- facebookLaunch -->
  <testcase classname="TestNGProject.Flipkart" name="gitHubLaunch" time="0.0">
    <ignored/>
  </testcase> <!-- gitHubLaunch -->
  <testcase classname="TestNGProject.Flipkart" name="googleLaunch" time="0.0">
    <ignored/>
  </testcase> <!-- googleLaunch -->
</testsuite>
